<?xml version="1.0" encoding="UTF-8"?>
<testsuite xmlns:xsi="http://www.w3.org/2001/XMLSchema-instance" xsi:noNamespaceSchemaLocation="https://maven.apache.org/surefire/maven-surefire-plugin/xsd/surefire-test-report-3.0.xsd" version="3.0" name="com.example.payment.service.PaymentServiceTest" time="0.076" tests="14" errors="0" skipped="0" failures="0">
  <properties>
[...]
</properties>
  <testcase name="shouldPreserveMetadata" classname="com.example.payment.service.PaymentServiceTest" time="0.044">
    <system-out><![CDATA[14:12:17.472 [main] INFO com.example.payment.service.PaymentService -- Processing payment: customerId=CUST001, orderId=ORD001, amount=5000
]]></system-out>
  </testcase>
  <testcase name="shouldCancelPendingPayment" classname="com.example.payment.service.PaymentServiceTest" time="0.005">
    <system-out><![CDATA[14:12:17.476 [main] INFO com.example.payment.service.PaymentService -- Payment cancelled: paymentId=edcbb499-32b8-4971-b574-cb13e52de979, reason=User requested
]]></system-out>
  </testcase>
  <testcase name="shouldNotCancelRejectedPayment" classname="com.example.payment.service.PaymentServiceTest" time="0.002"/>
  <testcase name="shouldRejectPaymentAbove10000BRL" classname="com.example.payment.service.PaymentServiceTest" time="0.002">
    <system-out><![CDATA[14:12:17.482 [main] INFO com.example.payment.service.PaymentService -- Processing payment: customerId=CUST001, orderId=ORD001, amount=1000001
]]></system-out>
  </testcase>
  <testcase name="shouldNotCancelAlreadyCancelledPayment" classname="com.example.payment.service.PaymentServiceTest" time="0.001"/>
  <testcase name="shouldGetPaymentsByCustomer" classname="com.example.payment.service.PaymentServiceTest" time="0.001"/>
  <testcase name="shouldCancelProcessingPayment" classname="com.example.payment.service.PaymentServiceTest" time="0.002">
    <system-out><![CDATA[14:12:17.489 [main] INFO com.example.payment.service.PaymentService -- Payment cancelled: paymentId=0836d6e0-3ecf-41ef-868b-4c3b8cd3f23e, reason=Timeout
]]></system-out>
  </testcase>
  <testcase name="shouldProcessPaymentAndReturnApprovedForSmallAmount" classname="com.example.payment.service.PaymentServiceTest" time="0.002">
    <system-out><![CDATA[14:12:17.490 [main] INFO com.example.payment.service.PaymentService -- Processing payment: customerId=CUST001, orderId=ORD001, amount=10000
]]></system-out>
  </testcase>
  <testcase name="shouldApprovePaymentAtExactly10000BRL" classname="com.example.payment.service.PaymentServiceTest" time="0.002">
    <system-out><![CDATA[14:12:17.493 [main] INFO com.example.payment.service.PaymentService -- Processing payment: customerId=CUST001, orderId=ORD001, amount=1000000
]]></system-out>
  </testcase>
  <testcase name="shouldGetPaymentById" classname="com.example.payment.service.PaymentServiceTest" time="0.002"/>
  <testcase name="shouldSetPaymentMethodCorrectly" classname="com.example.payment.service.PaymentServiceTest" time="0.002">
    <system-out><![CDATA[14:12:17.497 [main] INFO com.example.payment.service.PaymentService -- Processing payment: customerId=CUST001, orderId=ORD001, amount=5000
14:12:17.498 [main] INFO com.example.payment.service.PaymentService -- Processing payment: customerId=CUST001, orderId=ORD001, amount=5000
14:12:17.498 [main] INFO com.example.payment.service.PaymentService -- Processing payment: customerId=CUST001, orderId=ORD001, amount=5000
14:12:17.498 [main] INFO com.example.payment.service.PaymentService -- Processing payment: customerId=CUST001, orderId=ORD001, amount=5000
]]></system-out>
  </testcase>
  <testcase name="shouldNotCancelApprovedPayment" classname="com.example.payment.service.PaymentServiceTest" time="0.002"/>
  <testcase name="shouldThrowWhenPaymentNotFound" classname="com.example.payment.service.PaymentServiceTest" time="0.002"/>
  <testcase name="shouldThrowWhenCancellingNonExistentPayment" classname="com.example.payment.service.PaymentServiceTest" time="0.002"/>
</testsuite>